0 info it worked if it ends with ok
1 verbose cli [ '/usr/bin/nodejs', '/usr/bin/npm', 'run', 'build' ]
2 info using npm@3.10.3
3 info using node@v6.5.0
4 verbose run-script [ 'prebuild', 'build', 'postbuild' ]
5 info lifecycle boardroom-contracts@0.1.1~prebuild: boardroom-contracts@0.1.1
6 verbose lifecycle boardroom-contracts@0.1.1~prebuild: unsafe-perm in lifecycle true
7 verbose lifecycle boardroom-contracts@0.1.1~prebuild: PATH: /usr/lib/node_modules/npm/bin/node-gyp-bin:/home/nick/github/boardroom-contracts/node_modules/.bin:/usr/bin:/home/nick/.cargo/bin:/home/nick/bin:/home/nick/.local/bin:/usr/local/sbin:/usr/local/bin:/usr/sbin:/usr/bin:/sbin:/bin:/usr/games:/usr/local/games:/snap/bin:/home/nick/npm-global/bin
8 verbose lifecycle boardroom-contracts@0.1.1~prebuild: CWD: /home/nick/github/boardroom-contracts
9 silly lifecycle boardroom-contracts@0.1.1~prebuild: Args: [ '-c', 'npm test' ]
10 silly lifecycle boardroom-contracts@0.1.1~prebuild: Returned: code: 1  signal: null
11 info lifecycle boardroom-contracts@0.1.1~prebuild: Failed to exec prebuild script
12 verbose stack Error: boardroom-contracts@0.1.1 prebuild: `npm test`
12 verbose stack Exit status 1
12 verbose stack     at EventEmitter.<anonymous> (/usr/lib/node_modules/npm/lib/utils/lifecycle.js:242:16)
12 verbose stack     at emitTwo (events.js:106:13)
12 verbose stack     at EventEmitter.emit (events.js:191:7)
12 verbose stack     at ChildProcess.<anonymous> (/usr/lib/node_modules/npm/lib/utils/spawn.js:40:14)
12 verbose stack     at emitTwo (events.js:106:13)
12 verbose stack     at ChildProcess.emit (events.js:191:7)
12 verbose stack     at maybeClose (internal/child_process.js:877:16)
12 verbose stack     at Process.ChildProcess._handle.onexit (internal/child_process.js:226:5)
13 verbose pkgid boardroom-contracts@0.1.1
14 verbose cwd /home/nick/github/boardroom-contracts
15 error Linux 4.4.0-45-generic
16 error argv "/usr/bin/nodejs" "/usr/bin/npm" "run" "build"
17 error node v6.5.0
18 error npm  v3.10.3
19 error code ELIFECYCLE
20 error boardroom-contracts@0.1.1 prebuild: `npm test`
20 error Exit status 1
21 error Failed at the boardroom-contracts@0.1.1 prebuild script 'npm test'.
21 error Make sure you have the latest version of node.js and npm installed.
21 error If you do, this is most likely a problem with the boardroom-contracts package,
21 error not with npm itself.
21 error Tell the author that this fails on your system:
21 error     npm test
21 error You can get information on how to open an issue for this project with:
21 error     npm bugs boardroom-contracts
21 error Or if that isn't available, you can get their info via:
21 error     npm owner ls boardroom-contracts
21 error There is likely additional logging output above.
22 verbose exit [ 1, true ]
